TN:
SF:D:\DemoMocha\MochaDemo\class\category\product.js
FN:3,(anonymous_0)
FN:4,(anonymous_1)
FN:13,(anonymous_2)
FN:29,(anonymous_3)
FN:36,(anonymous_4)
FN:37,(anonymous_5)
FN:49,(anonymous_6)
FN:56,(anonymous_7)
FN:57,(anonymous_8)
FN:69,(anonymous_9)
FN:70,(anonymous_10)
FN:71,(anonymous_11)
FNF:12
FNH:12
FNDA:3,(anonymous_0)
FNDA:3,(anonymous_1)
FNDA:3,(anonymous_2)
FNDA:1,(anonymous_3)
FNDA:1,(anonymous_4)
FNDA:1,(anonymous_5)
FNDA:2,(anonymous_6)
FNDA:2,(anonymous_7)
FNDA:2,(anonymous_8)
FNDA:2,(anonymous_9)
FNDA:2,(anonymous_10)
FNDA:2,(anonymous_11)
DA:1,1
DA:2,1
DA:3,1
DA:4,3
DA:6,3
DA:7,3
DA:8,3
DA:9,2
DA:10,2
DA:12,3
DA:13,3
DA:14,3
DA:15,0
DA:17,3
DA:22,0
DA:29,1
DA:30,1
DA:36,1
DA:37,1
DA:42,1
DA:49,1
DA:50,2
DA:56,2
DA:57,2
DA:62,2
DA:69,1
DA:70,2
DA:71,2
DA:72,2
DA:74,1
DA:76,2
DA:98,1
LF:32
LH:30
BRDA:8,0,0,2
BRDA:8,0,1,1
BRDA:14,1,0,0
BRDA:14,1,1,3
BRDA:72,2,0,1
BRDA:72,2,1,1
BRF:6
BRH:5
end_of_record
TN:
SF:D:\DemoMocha\MochaDemo\config\database.js
FNF:0
FNH:0
DA:1,1
LF:1
LH:1
BRDA:11,0,0,1
BRDA:11,0,1,1
BRDA:12,1,0,1
BRDA:12,1,1,1
BRDA:13,2,0,1
BRDA:13,2,1,1
BRDA:14,3,0,1
BRDA:14,3,1,1
BRF:8
BRH:8
end_of_record
TN:
SF:D:\DemoMocha\MochaDemo\controllers\category\products.js
FN:3,(anonymous_0)
FN:34,(anonymous_1)
FN:49,(anonymous_2)
FN:64,(anonymous_3)
FNF:4
FNH:4
FNDA:3,(anonymous_0)
FNDA:3,(anonymous_1)
FNDA:3,(anonymous_2)
FNDA:3,(anonymous_3)
DA:1,1
DA:2,1
DA:6,3
DA:7,3
DA:8,3
DA:10,3
DA:11,1
DA:16,2
DA:17,3
DA:24,2
DA:35,3
DA:36,3
DA:37,2
DA:42,1
DA:44,1
DA:50,3
DA:51,3
DA:52,1
DA:57,2
DA:59,2
DA:65,3
DA:66,3
DA:67,3
DA:68,1
DA:73,2
DA:75,1
DA:81,1
LF:27
LH:27
BRDA:10,0,0,1
BRDA:10,0,1,2
BRDA:36,1,0,2
BRDA:36,1,1,1
BRDA:36,2,0,3
BRDA:36,2,1,2
BRDA:51,3,0,1
BRDA:51,3,1,2
BRDA:67,4,0,1
BRDA:67,4,1,2
BRF:10
BRH:10
end_of_record
TN:
SF:D:\DemoMocha\MochaDemo\db_apis\database.js
FNF:0
FNH:0
DA:1,1
DA:2,1
DA:3,1
DA:4,1
DA:5,1
DA:6,1
LF:6
LH:6
BRF:0
BRH:0
end_of_record
TN:
SF:D:\DemoMocha\MochaDemo\unittest\unittest.js
FN:8,(anonymous_0)
FN:9,(anonymous_1)
FN:13,(anonymous_2)
FN:14,(anonymous_3)
FN:17,(anonymous_4)
FN:24,(anonymous_5)
FN:27,(anonymous_6)
FN:34,(anonymous_7)
FN:37,(anonymous_8)
FN:49,(anonymous_9)
FN:50,(anonymous_10)
FN:60,(anonymous_11)
FN:68,(anonymous_12)
FN:77,(anonymous_13)
FN:85,(anonymous_14)
FN:94,(anonymous_15)
FN:106,(anonymous_16)
FN:107,(anonymous_17)
FN:117,(anonymous_18)
FN:124,(anonymous_19)
FN:134,(anonymous_20)
FN:141,(anonymous_21)
FN:150,(anonymous_22)
FN:161,(anonymous_23)
FN:162,(anonymous_24)
FN:172,(anonymous_25)
FN:179,(anonymous_26)
FN:189,(anonymous_27)
FN:196,(anonymous_28)
FN:205,(anonymous_29)
FNF:30
FNH:30
FNDA:1,(anonymous_0)
FNDA:12,(anonymous_1)
FNDA:1,(anonymous_2)
FNDA:1,(anonymous_3)
FNDA:1,(anonymous_4)
FNDA:1,(anonymous_5)
FNDA:1,(anonymous_6)
FNDA:1,(anonymous_7)
FNDA:1,(anonymous_8)
FNDA:1,(anonymous_9)
FNDA:1,(anonymous_10)
FNDA:1,(anonymous_11)
FNDA:1,(anonymous_12)
FNDA:1,(anonymous_13)
FNDA:1,(anonymous_14)
FNDA:1,(anonymous_15)
FNDA:1,(anonymous_16)
FNDA:1,(anonymous_17)
FNDA:1,(anonymous_18)
FNDA:1,(anonymous_19)
FNDA:1,(anonymous_20)
FNDA:1,(anonymous_21)
FNDA:1,(anonymous_22)
FNDA:1,(anonymous_23)
FNDA:1,(anonymous_24)
FNDA:1,(anonymous_25)
FNDA:1,(anonymous_26)
FNDA:1,(anonymous_27)
FNDA:1,(anonymous_28)
FNDA:1,(anonymous_29)
DA:1,1
DA:2,1
DA:3,1
DA:4,1
DA:5,1
DA:6,1
DA:8,1
DA:9,1
DA:10,12
DA:13,1
DA:14,1
DA:15,1
DA:18,1
DA:19,1
DA:21,1
DA:24,1
DA:25,1
DA:28,1
DA:29,1
DA:31,1
DA:34,1
DA:35,1
DA:38,1
DA:39,1
DA:40,1
DA:42,1
DA:49,1
DA:50,1
DA:51,1
DA:57,1
DA:61,1
DA:62,1
DA:63,1
DA:65,1
DA:68,1
DA:69,1
DA:74,1
DA:78,1
DA:79,1
DA:80,1
DA:82,1
DA:85,1
DA:86,1
DA:91,1
DA:95,1
DA:96,1
DA:97,1
DA:99,1
DA:106,1
DA:107,1
DA:108,1
DA:114,1
DA:118,1
DA:119,1
DA:121,1
DA:124,1
DA:125,1
DA:131,1
DA:135,1
DA:136,1
DA:138,1
DA:141,1
DA:142,1
DA:147,1
DA:151,1
DA:152,1
DA:154,1
DA:161,1
DA:162,1
DA:163,1
DA:169,1
DA:173,1
DA:174,1
DA:176,1
DA:179,1
DA:180,1
DA:186,1
DA:190,1
DA:191,1
DA:193,1
DA:196,1
DA:197,1
DA:202,1
DA:206,1
DA:207,1
DA:209,1
LF:86
LH:86
BRF:0
BRH:0
end_of_record
TN:
SF:D:\DemoMocha\MochaDemo\unittest\unittest_server.js
FNF:0
FNH:0
DA:2,1
DA:3,1
DA:4,1
DA:5,1
DA:6,1
DA:7,1
DA:10,1
DA:13,1
DA:14,1
DA:15,1
DA:16,1
DA:18,1
DA:24,1
DA:25,1
DA:27,1
LF:15
LH:15
BRDA:6,0,0,1
BRDA:6,0,1,1
BRF:2
BRH:2
end_of_record
